<?xml version="1.0" encoding="UTF-8" standalone="no"?>
<testng-results failed="2" passed="14" skipped="0" total="16">
<suite duration-ms="276246" name="cucumber.runtime.formatter.TestNGFormatter">
<test duration-ms="276246" name="cucumber.runtime.formatter.TestNGFormatter">
<class name="Home Page">
<test-method duration-ms="14525" finished-at="2022-05-25T14:18:19Z" name="check the product search box" started-at="2022-05-25T14:18:19Z" status="PASS"/>
<test-method duration-ms="12539" finished-at="2022-05-25T14:18:19Z" name="check the product search box_2" started-at="2022-05-25T14:18:19Z" status="PASS"/>
<test-method duration-ms="12550" finished-at="2022-05-25T14:18:19Z" name="check the product search box_3" started-at="2022-05-25T14:18:19Z" status="PASS"/>
<test-method duration-ms="12154" finished-at="2022-05-25T14:18:19Z" name="check the product search box_4" started-at="2022-05-25T14:18:19Z" status="PASS"/>
<test-method duration-ms="12643" finished-at="2022-05-25T14:18:19Z" name="check the product search box_5" started-at="2022-05-25T14:18:19Z" status="PASS"/>
<test-method duration-ms="15013" finished-at="2022-05-25T14:18:19Z" name="Check out the product catalog" started-at="2022-05-25T14:18:19Z" status="PASS"/>
<test-method duration-ms="18324" finished-at="2022-05-25T14:18:19Z" name="Add item to cart" started-at="2022-05-25T14:18:19Z" status="PASS"/>
<test-method duration-ms="37404" finished-at="2022-05-25T14:18:19Z" name="profitable shopping" started-at="2022-05-25T14:18:19Z" status="FAIL">
<exception class="org.openqa.selenium.TimeoutException">
<message><![CDATA[Given the user is on the main page..........................................passed
When the user click on profitable shopping..................................failed
Then the user should see Download the app now button........................skipped
]]></message>
<full-stacktrace><![CDATA[org.openqa.selenium.TimeoutException: Expected condition failed: waiting for element to be clickable: By.cssSelector: //span[text()='Mua s?m có l?i'] (tried for 30 second(s) with 500 milliseconds interval)
	at org.openqa.selenium.support.ui.WebDriverWait.timeoutException(WebDriverWait.java:95)
	at org.openqa.selenium.support.ui.FluentWait.until(FluentWait.java:272)
	at com.unsplash.pages.BasePage.waitElementToBeClickable(BasePage.java:145)
	at com.unsplash.pages.BasePage.clickElement(BasePage.java:53)
	at com.unsplash.pages.BasePage.clickElement(BasePage.java:45)
	at com.unsplash.pages.BasePage.clickElement(BasePage.java:41)
	at com.unsplash.stepdefs.MainSteps.lambda$new$5(MainSteps.java:49)
	at ✽.the user click on profitable shopping(file:src/test/resources/features/MainPage.feature:36)
Caused by: org.openqa.selenium.InvalidSelectorException: invalid selector: An invalid or illegal selector was specified
  (Session info: chrome=101.0.4951.67)
For documentation on this error, please visit: https://www.seleniumhq.org/exceptions/invalid_selector_exception.html
Build info: version: '3.141.59', revision: 'e82be7d358', time: '2018-11-14T08:17:03'
System info: host: 'DESKTOP-Q1LKHFA', ip: '192.168.137.1', os.name: 'Windows 10', os.arch: 'amd64', os.version: '10.0', java.version: '1.8.0_202'
Driver info: org.openqa.selenium.chrome.ChromeDriver
Capabilities {acceptInsecureCerts: false, browserName: chrome, browserVersion: 101.0.4951.67, chrome: {chromedriverVersion: 101.0.4951.41 (93c720db8323..., userDataDir: C:\Users\ASUS\AppData\Local...}, goog:chromeOptions: {debuggerAddress: localhost:62216}, javascriptEnabled: true, networkConnectionEnabled: false, pageLoadStrategy: normal, platform: WINDOWS, platformName: WINDOWS, proxy: Proxy(), setWindowRect: true, strictFileInteractability: false, timeouts: {implicit: 0, pageLoad: 300000, script: 30000}, unhandledPromptBehavior: dismiss and notify, webauthn:extension:credBlob: true, webauthn:extension:largeBlob: true, webauthn:virtualAuthenticators: true}
Session ID: d78cf084291f26ad6c0808d4ae3bf9b1
*** Element info: {Using=css selector, value=//span[text()='Mua s?m có l?i']}
	at sun.reflect.GeneratedConstructorAccessor28.newInstance(Unknown Source)
	at sun.reflect.DelegatingConstructorAccessorImpl.newInstance(DelegatingConstructorAccessorImpl.java:45)
	at java.lang.reflect.Constructor.newInstance(Constructor.java:423)
	at org.openqa.selenium.remote.http.W3CHttpResponseCodec.createException(W3CHttpResponseCodec.java:187)
	at org.openqa.selenium.remote.http.W3CHttpResponseCodec.decode(W3CHttpResponseCodec.java:122)
	at org.openqa.selenium.remote.http.W3CHttpResponseCodec.decode(W3CHttpResponseCodec.java:49)
	at org.openqa.selenium.remote.HttpCommandExecutor.execute(HttpCommandExecutor.java:158)
	at org.openqa.selenium.remote.service.DriverCommandExecutor.execute(DriverCommandExecutor.java:83)
	at org.openqa.selenium.remote.RemoteWebDriver.execute(RemoteWebDriver.java:552)
	at org.openqa.selenium.remote.RemoteWebDriver.findElement(RemoteWebDriver.java:323)
	at org.openqa.selenium.remote.RemoteWebDriver.findElementByCssSelector(RemoteWebDriver.java:420)
	at org.openqa.selenium.By$ByCssSelector.findElement(By.java:431)
	at org.openqa.selenium.remote.RemoteWebDriver.findElement(RemoteWebDriver.java:315)
	at org.openqa.selenium.support.ui.ExpectedConditions$7.apply(ExpectedConditions.java:205)
	at org.openqa.selenium.support.ui.ExpectedConditions$7.apply(ExpectedConditions.java:201)
	at org.openqa.selenium.support.ui.ExpectedConditions$22.apply(ExpectedConditions.java:641)
	at org.openqa.selenium.support.ui.ExpectedConditions$22.apply(ExpectedConditions.java:638)
	at org.openqa.selenium.support.ui.FluentWait.until(FluentWait.java:249)
	at com.unsplash.pages.BasePage.waitElementToBeClickable(BasePage.java:145)
	at com.unsplash.pages.BasePage.clickElement(BasePage.java:53)
	at com.unsplash.pages.BasePage.clickElement(BasePage.java:45)
	at com.unsplash.pages.BasePage.clickElement(BasePage.java:41)
	at com.unsplash.stepdefs.MainSteps.lambda$new$5(MainSteps.java:49)
	at sun.reflect.NativeMethodAccessorImpl.invoke0(Native Method)
	at sun.reflect.NativeMethodAccessorImpl.invoke(NativeMethodAccessorImpl.java:62)
	at sun.reflect.DelegatingMethodAccessorImpl.invoke(DelegatingMethodAccessorImpl.java:43)
	at java.lang.reflect.Method.invoke(Method.java:498)
	at cucumber.runtime.Utils$1.call(Utils.java:26)
	at cucumber.runtime.Timeout.timeout(Timeout.java:16)
	at cucumber.runtime.Utils.invoke(Utils.java:20)
	at cucumber.runtime.java8.Java8StepDefinition.execute(Java8StepDefinition.java:113)
	at cucumber.runner.PickleStepDefinitionMatch.runStep(PickleStepDefinitionMatch.java:50)
	at cucumber.runner.TestStep.executeStep(TestStep.java:65)
	at cucumber.runner.TestStep.run(TestStep.java:50)
	at cucumber.runner.PickleStepTestStep.run(PickleStepTestStep.java:43)
	at cucumber.runner.TestCase.run(TestCase.java:46)
	at cucumber.runner.Runner.runPickle(Runner.java:50)
	at io.cucumber.testng.TestNGCucumberRunner.runScenario(TestNGCucumberRunner.java:79)
	at io.cucumber.testng.AbstractTestNGCucumberTests.runScenario(AbstractTestNGCucumberTests.java:24)
	at sun.reflect.NativeMethodAccessorImpl.invoke0(Native Method)
	at sun.reflect.NativeMethodAccessorImpl.invoke(NativeMethodAccessorImpl.java:62)
	at sun.reflect.DelegatingMethodAccessorImpl.invoke(DelegatingMethodAccessorImpl.java:43)
	at java.lang.reflect.Method.invoke(Method.java:498)
	at org.testng.internal.MethodInvocationHelper.invokeMethod(MethodInvocationHelper.java:134)
	at org.testng.internal.TestInvoker.invokeMethod(TestInvoker.java:597)
	at org.testng.internal.TestInvoker.invokeTestMethod(TestInvoker.java:173)
	at org.testng.internal.TestMethodWithDataProviderMethodWorker.call(TestMethodWithDataProviderMethodWorker.java:77)
	at org.testng.internal.TestMethodWithDataProviderMethodWorker.call(TestMethodWithDataProviderMethodWorker.java:15)
	at java.util.concurrent.FutureTask.run(FutureTask.java:266)
	at java.util.concurrent.Executors$RunnableAdapter.call(Executors.java:511)
	at java.util.concurrent.FutureTask.run(FutureTask.java:266)
	at java.util.concurrent.ThreadPoolExecutor.runWorker(ThreadPoolExecutor.java:1149)
	at java.util.concurrent.ThreadPoolExecutor$Worker.run(ThreadPoolExecutor.java:624)
	at java.lang.Thread.run(Thread.java:748)
]]></full-stacktrace>
</exception>
</test-method>
<test-method duration-ms="17105" finished-at="2022-05-25T14:18:19Z" name="verify my account" started-at="2022-05-25T14:18:19Z" status="PASS"/>
<test-method duration-ms="14617" finished-at="2022-05-25T14:18:19Z" name="verify my oder in account" started-at="2022-05-25T14:18:19Z" status="PASS"/>
<test-method duration-ms="22615" finished-at="2022-05-25T14:18:19Z" name="verify my notifications in my account" started-at="2022-05-25T14:18:19Z" status="FAIL">
<exception class="java.lang.AssertionError">
<message><![CDATA[Given the user is on the main page..........................................passed
When the user goes to Login Page............................................passed
And login with account "LeUser".............................................passed
And the user clicks on account..............................................passed
And the user clicks on my notice............................................passed
Then the user should see Continue shopping button...........................failed
]]></message>
<full-stacktrace><![CDATA[java.lang.AssertionError: 
Expecting:
 <false>
to be equal to:
 <true>
but was not.
	at com.unsplash.stepdefs.CartSteps.lambda$new$1(CartSteps.java:39)
	at ✽.the user should see Continue shopping button(file:src/test/resources/features/MainPage.feature:61)
]]></full-stacktrace>
</exception>
</test-method>
<test-method duration-ms="15823" finished-at="2022-05-25T14:18:19Z" name="My notification in my account" started-at="2022-05-25T14:18:19Z" status="PASS"/>
<test-method duration-ms="15661" finished-at="2022-05-25T14:18:19Z" name="Easy exchange and return in my account" started-at="2022-05-25T14:18:19Z" status="PASS"/>
<test-method duration-ms="17469" finished-at="2022-05-25T14:18:19Z" name="Comment product in my account" started-at="2022-05-25T14:18:19Z" status="PASS"/>
<test-method duration-ms="18770" finished-at="2022-05-25T14:18:19Z" name="Return goods in my account" started-at="2022-05-25T14:18:19Z" status="PASS"/>
<test-method duration-ms="19034" finished-at="2022-05-25T14:18:19Z" name="Logout account" started-at="2022-05-25T14:18:19Z" status="PASS"/>
</class>
</test>
</suite>
</testng-results>
