<!DOCTYPE html PUBLIC "-//W3C//DTD XHTML 1.1//EN" "http://www.w3.org/TR/xhtml11/DTD/xhtml11.dtd">
<html xmlns="http://www.w3.org/1999/xhtml">
<head>
<meta http-equiv="content-type" content="text/html; charset=UTF-8"/>
<title>TestNG Report</title>
<style type="text/css">table {margin-bottom:10px;border-collapse:collapse;empty-cells:show}th,td {border:1px solid #009;padding:.25em .5em}th {vertical-align:bottom}td {vertical-align:top}table a {font-weight:bold}.stripe td {background-color: #E6EBF9}.num {text-align:right}.passedodd td {background-color: #3F3}.passedeven td {background-color: #0A0}.skippedodd td {background-color: #DDD}.skippedeven td {background-color: #CCC}.failedodd td,.attn {background-color: #F33}.failedeven td,.stripe .attn {background-color: #D00}.stacktrace {white-space:pre;font-family:monospace}.totop {font-size:85%;text-align:center;border-bottom:2px solid #000}.invisible {display:none}</style>
</head>
<body>
<table>
<tr><th>Test</th><th># Passed</th><th># Skipped</th><th># Retried</th><th># Failed</th><th>Time (ms)</th><th>Included Groups</th><th>Excluded Groups</th></tr>
<tr><th colspan="8">Surefire suite</th></tr>
<tr><td><a href="#t0">Surefire test</a></td><td class="num">14</td><td class="num">0</td><td class="num">0</td><td class="num attn">2</td><td class="num">280,309</td><td></td><td></td></tr>
</table>
<table id='summary'><thead><tr><th>Class</th><th>Method</th><th>Start</th><th>Time (ms)</th></tr></thead><tbody><tr><th colspan="4">Surefire suite</th></tr></tbody><tbody id="t0"><tr><th colspan="4">Surefire test &#8212; failed</th></tr><tr class="failedeven"><td rowspan="2">com.unsplash.configuration.CukesTestRunnerParallel</td><td><a href="#m0">runScenario</a></td><td rowspan="2">1653462921172</td><td rowspan="2">37416</td></tr><tr class="failedeven"><td><a href="#m1">runScenario</a></td></tr><tr><th colspan="4">Surefire test &#8212; passed</th></tr><tr class="passedeven"><td rowspan="14">com.unsplash.configuration.CukesTestRunnerParallel</td><td><a href="#m2">runScenario</a></td><td rowspan="14">1653462958594</td><td rowspan="14">17114</td></tr><tr class="passedeven"><td><a href="#m3">runScenario</a></td></tr><tr class="passedeven"><td><a href="#m4">runScenario</a></td></tr><tr class="passedeven"><td><a href="#m5">runScenario</a></td></tr><tr class="passedeven"><td><a href="#m6">runScenario</a></td></tr><tr class="passedeven"><td><a href="#m7">runScenario</a></td></tr><tr class="passedeven"><td><a href="#m8">runScenario</a></td></tr><tr class="passedeven"><td><a href="#m9">runScenario</a></td></tr><tr class="passedeven"><td><a href="#m10">runScenario</a></td></tr><tr class="passedeven"><td><a href="#m11">runScenario</a></td></tr><tr class="passedeven"><td><a href="#m12">runScenario</a></td></tr><tr class="passedeven"><td><a href="#m13">runScenario</a></td></tr><tr class="passedeven"><td><a href="#m14">runScenario</a></td></tr><tr class="passedeven"><td><a href="#m15">runScenario</a></td></tr></tbody>
</table>
<h2>Surefire test</h2><h3 id="m0">com.unsplash.configuration.CukesTestRunnerParallel#runScenario</h3><table class="result"><tr class="param"><th>Parameter #1</th><th>Parameter #2</th></tr><tr class="param stripe"><td>&quot;profitable shopping&quot;</td><td>&quot;Home Page&quot;</td></tr><tr><th colspan="2">Exception</th></tr><tr><td colspan="2"><div class="stacktrace">org.openqa.selenium.TimeoutException: Expected condition failed: waiting for element to be clickable: By.cssSelector: //span[text()=&apos;Mua s?m có l?i&apos;] (tried for 30 second(s) with 500 milliseconds interval)
	at org.openqa.selenium.support.ui.WebDriverWait.timeoutException(WebDriverWait.java:95)
	at org.openqa.selenium.support.ui.FluentWait.until(FluentWait.java:272)
	at com.unsplash.pages.BasePage.waitElementToBeClickable(BasePage.java:145)
	at com.unsplash.pages.BasePage.clickElement(BasePage.java:53)
	at com.unsplash.pages.BasePage.clickElement(BasePage.java:45)
	at com.unsplash.pages.BasePage.clickElement(BasePage.java:41)
	at com.unsplash.stepdefs.MainSteps.lambda$new$5(MainSteps.java:49)
	at ✽.the user click on profitable shopping(file:src/test/resources/features/MainPage.feature:36)
Caused by: org.openqa.selenium.InvalidSelectorException: invalid selector: An invalid or illegal selector was specified
  (Session info: chrome=101.0.4951.67)
For documentation on this error, please visit: https://www.seleniumhq.org/exceptions/invalid_selector_exception.html
Build info: version: &apos;3.141.59&apos;, revision: &apos;e82be7d358&apos;, time: &apos;2018-11-14T08:17:03&apos;
System info: host: &apos;DESKTOP-Q1LKHFA&apos;, ip: &apos;192.168.137.1&apos;, os.name: &apos;Windows 10&apos;, os.arch: &apos;amd64&apos;, os.version: &apos;10.0&apos;, java.version: &apos;1.8.0_202&apos;
Driver info: org.openqa.selenium.chrome.ChromeDriver
Capabilities {acceptInsecureCerts: false, browserName: chrome, browserVersion: 101.0.4951.67, chrome: {chromedriverVersion: 101.0.4951.41 (93c720db8323..., userDataDir: C:\Users\ASUS\AppData\Local...}, goog:chromeOptions: {debuggerAddress: localhost:62216}, javascriptEnabled: true, networkConnectionEnabled: false, pageLoadStrategy: normal, platform: WINDOWS, platformName: WINDOWS, proxy: Proxy(), setWindowRect: true, strictFileInteractability: false, timeouts: {implicit: 0, pageLoad: 300000, script: 30000}, unhandledPromptBehavior: dismiss and notify, webauthn:extension:credBlob: true, webauthn:extension:largeBlob: true, webauthn:virtualAuthenticators: true}
Session ID: d78cf084291f26ad6c0808d4ae3bf9b1
*** Element info: {Using=css selector, value=//span[text()=&apos;Mua s?m có l?i&apos;]}
	at org.openqa.selenium.remote.http.W3CHttpResponseCodec.createException(W3CHttpResponseCodec.java:187)
	at org.openqa.selenium.remote.http.W3CHttpResponseCodec.decode(W3CHttpResponseCodec.java:122)
	at org.openqa.selenium.remote.http.W3CHttpResponseCodec.decode(W3CHttpResponseCodec.java:49)
	at org.openqa.selenium.remote.HttpCommandExecutor.execute(HttpCommandExecutor.java:158)
	at org.openqa.selenium.remote.service.DriverCommandExecutor.execute(DriverCommandExecutor.java:83)
	at org.openqa.selenium.remote.RemoteWebDriver.execute(RemoteWebDriver.java:552)
	at org.openqa.selenium.remote.RemoteWebDriver.findElement(RemoteWebDriver.java:323)
	at org.openqa.selenium.remote.RemoteWebDriver.findElementByCssSelector(RemoteWebDriver.java:420)
	at org.openqa.selenium.By$ByCssSelector.findElement(By.java:431)
	at org.openqa.selenium.remote.RemoteWebDriver.findElement(RemoteWebDriver.java:315)
	at org.openqa.selenium.support.ui.ExpectedConditions$7.apply(ExpectedConditions.java:205)
	at org.openqa.selenium.support.ui.ExpectedConditions$7.apply(ExpectedConditions.java:201)
	at org.openqa.selenium.support.ui.ExpectedConditions$22.apply(ExpectedConditions.java:641)
	at org.openqa.selenium.support.ui.ExpectedConditions$22.apply(ExpectedConditions.java:638)
	at org.openqa.selenium.support.ui.FluentWait.until(FluentWait.java:249)
	at com.unsplash.pages.BasePage.waitElementToBeClickable(BasePage.java:145)
	at com.unsplash.pages.BasePage.clickElement(BasePage.java:53)
	at com.unsplash.pages.BasePage.clickElement(BasePage.java:45)
	at com.unsplash.pages.BasePage.clickElement(BasePage.java:41)
	at com.unsplash.stepdefs.MainSteps.lambda$new$5(MainSteps.java:49)
	at cucumber.runtime.Utils$1.call(Utils.java:26)
	at cucumber.runtime.Timeout.timeout(Timeout.java:16)
	at cucumber.runtime.Utils.invoke(Utils.java:20)
	at cucumber.runtime.java8.Java8StepDefinition.execute(Java8StepDefinition.java:113)
	at cucumber.runner.PickleStepDefinitionMatch.runStep(PickleStepDefinitionMatch.java:50)
	at cucumber.runner.TestStep.executeStep(TestStep.java:65)
	at cucumber.runner.TestStep.run(TestStep.java:50)
	at cucumber.runner.PickleStepTestStep.run(PickleStepTestStep.java:43)
	at cucumber.runner.TestCase.run(TestCase.java:46)
	at cucumber.runner.Runner.runPickle(Runner.java:50)
	at io.cucumber.testng.TestNGCucumberRunner.runScenario(TestNGCucumberRunner.java:79)
	at io.cucumber.testng.AbstractTestNGCucumberTests.runScenario(AbstractTestNGCucumberTests.java:24)
	at java.util.concurrent.FutureTask.run(FutureTask.java:266)
	at java.util.concurrent.Executors$RunnableAdapter.call(Executors.java:511)
	at java.util.concurrent.FutureTask.run(FutureTask.java:266)
	at java.util.concurrent.ThreadPoolExecutor.runWorker(ThreadPoolExecutor.java:1149)
	at java.util.concurrent.ThreadPoolExecutor$Worker.run(ThreadPoolExecutor.java:624)
	at java.lang.Thread.run(Thread.java:748)
... Removed 16 stack frames</div></td></tr></table><p class="totop"><a href="#summary">back to summary</a></p>
<h3 id="m1">com.unsplash.configuration.CukesTestRunnerParallel#runScenario</h3><table class="result"><tr class="param"><th>Parameter #1</th><th>Parameter #2</th></tr><tr class="param stripe"><td>&quot;verify my notifications in my account&quot;</td><td>&quot;Home Page&quot;</td></tr><tr><th colspan="2">Exception</th></tr><tr><td colspan="2"><div class="stacktrace">java.lang.AssertionError: 
Expecting:
 &lt;false&gt;
to be equal to:
 &lt;true&gt;
but was not.
	at com.unsplash.stepdefs.CartSteps.lambda$new$1(CartSteps.java:39)
	at ✽.the user should see Continue shopping button(file:src/test/resources/features/MainPage.feature:61)
</div></td></tr></table><p class="totop"><a href="#summary">back to summary</a></p>
<h3 id="m2">com.unsplash.configuration.CukesTestRunnerParallel#runScenario</h3><table class="result"><tr class="param"><th>Parameter #1</th><th>Parameter #2</th></tr><tr class="param stripe"><td>&quot;verify my account&quot;</td><td>&quot;Home Page&quot;</td></tr></table><p class="totop"><a href="#summary">back to summary</a></p>
<h3 id="m3">com.unsplash.configuration.CukesTestRunnerParallel#runScenario</h3><table class="result"><tr class="param"><th>Parameter #1</th><th>Parameter #2</th></tr><tr class="param stripe"><td>&quot;check the product search box&quot;</td><td>&quot;Home Page&quot;</td></tr></table><p class="totop"><a href="#summary">back to summary</a></p>
<h3 id="m4">com.unsplash.configuration.CukesTestRunnerParallel#runScenario</h3><table class="result"><tr class="param"><th>Parameter #1</th><th>Parameter #2</th></tr><tr class="param stripe"><td>&quot;check the product search box&quot;</td><td>&quot;Home Page&quot;</td></tr></table><p class="totop"><a href="#summary">back to summary</a></p>
<h3 id="m5">com.unsplash.configuration.CukesTestRunnerParallel#runScenario</h3><table class="result"><tr class="param"><th>Parameter #1</th><th>Parameter #2</th></tr><tr class="param stripe"><td>&quot;My notification in my account&quot;</td><td>&quot;Home Page&quot;</td></tr></table><p class="totop"><a href="#summary">back to summary</a></p>
<h3 id="m6">com.unsplash.configuration.CukesTestRunnerParallel#runScenario</h3><table class="result"><tr class="param"><th>Parameter #1</th><th>Parameter #2</th></tr><tr class="param stripe"><td>&quot;Return goods in my account&quot;</td><td>&quot;Home Page&quot;</td></tr></table><p class="totop"><a href="#summary">back to summary</a></p>
<h3 id="m7">com.unsplash.configuration.CukesTestRunnerParallel#runScenario</h3><table class="result"><tr class="param"><th>Parameter #1</th><th>Parameter #2</th></tr><tr class="param stripe"><td>&quot;Easy exchange and return in my account&quot;</td><td>&quot;Home Page&quot;</td></tr></table><p class="totop"><a href="#summary">back to summary</a></p>
<h3 id="m8">com.unsplash.configuration.CukesTestRunnerParallel#runScenario</h3><table class="result"><tr class="param"><th>Parameter #1</th><th>Parameter #2</th></tr><tr class="param stripe"><td>&quot;Comment product in my account&quot;</td><td>&quot;Home Page&quot;</td></tr></table><p class="totop"><a href="#summary">back to summary</a></p>
<h3 id="m9">com.unsplash.configuration.CukesTestRunnerParallel#runScenario</h3><table class="result"><tr class="param"><th>Parameter #1</th><th>Parameter #2</th></tr><tr class="param stripe"><td>&quot;verify my oder in account&quot;</td><td>&quot;Home Page&quot;</td></tr></table><p class="totop"><a href="#summary">back to summary</a></p>
<h3 id="m10">com.unsplash.configuration.CukesTestRunnerParallel#runScenario</h3><table class="result"><tr class="param"><th>Parameter #1</th><th>Parameter #2</th></tr><tr class="param stripe"><td>&quot;check the product search box&quot;</td><td>&quot;Home Page&quot;</td></tr></table><p class="totop"><a href="#summary">back to summary</a></p>
<h3 id="m11">com.unsplash.configuration.CukesTestRunnerParallel#runScenario</h3><table class="result"><tr class="param"><th>Parameter #1</th><th>Parameter #2</th></tr><tr class="param stripe"><td>&quot;Logout account&quot;</td><td>&quot;Home Page&quot;</td></tr></table><p class="totop"><a href="#summary">back to summary</a></p>
<h3 id="m12">com.unsplash.configuration.CukesTestRunnerParallel#runScenario</h3><table class="result"><tr class="param"><th>Parameter #1</th><th>Parameter #2</th></tr><tr class="param stripe"><td>&quot;check the product search box&quot;</td><td>&quot;Home Page&quot;</td></tr></table><p class="totop"><a href="#summary">back to summary</a></p>
<h3 id="m13">com.unsplash.configuration.CukesTestRunnerParallel#runScenario</h3><table class="result"><tr class="param"><th>Parameter #1</th><th>Parameter #2</th></tr><tr class="param stripe"><td>&quot;check the product search box&quot;</td><td>&quot;Home Page&quot;</td></tr></table><p class="totop"><a href="#summary">back to summary</a></p>
<h3 id="m14">com.unsplash.configuration.CukesTestRunnerParallel#runScenario</h3><table class="result"><tr class="param"><th>Parameter #1</th><th>Parameter #2</th></tr><tr class="param stripe"><td>&quot;Check out the product catalog&quot;</td><td>&quot;Home Page&quot;</td></tr></table><p class="totop"><a href="#summary">back to summary</a></p>
<h3 id="m15">com.unsplash.configuration.CukesTestRunnerParallel#runScenario</h3><table class="result"><tr class="param"><th>Parameter #1</th><th>Parameter #2</th></tr><tr class="param stripe"><td>&quot;Add item to cart&quot;</td><td>&quot;Home Page&quot;</td></tr></table><p class="totop"><a href="#summary">back to summary</a></p>
</body>
</html>
