<?xml version="1.0" encoding="UTF-8"?>
<testng-results skipped="0" failed="2" ignored="0" total="16" passed="14">
  <reporter-output>
  </reporter-output>
  <suite name="Surefire suite" duration-ms="280309" started-at="2022-05-25T14:13:41 ICT" finished-at="2022-05-25T14:18:21 ICT">
    <groups>
      <group name="cucumber">
        <method signature="AbstractTestNGCucumberTests.runScenario(io.cucumber.testng.PickleEventWrapper, io.cucumber.testng.CucumberFeatureWrapper)[pri:0, instance:com.unsplash.configuration.CukesTestRunnerParallel@2758fe70]" name="runScenario" class="io.cucumber.testng.AbstractTestNGCucumberTests"/>
      </group> <!-- cucumber -->
    </groups>
    <test name="Surefire test" duration-ms="280309" started-at="2022-05-25T14:13:41 ICT" finished-at="2022-05-25T14:18:21 ICT">
      <class name="com.unsplash.configuration.CukesTestRunnerParallel">
        <test-method status="PASS" signature="setUpClass()[pri:0, instance:com.unsplash.configuration.CukesTestRunnerParallel@2758fe70]" name="setUpClass" is-config="true" duration-ms="202" started-at="2022-05-25T14:13:41 ICT" finished-at="2022-05-25T14:13:41 ICT">
          <reporter-output>
          </reporter-output>
        </test-method> <!-- setUpClass -->
        <test-method status="PASS" signature="before()[pri:0, instance:com.unsplash.configuration.CukesTestRunnerParallel@2758fe70]" name="before" is-config="true" duration-ms="2" started-at="2022-05-25T14:13:41 ICT" finished-at="2022-05-25T14:13:41 ICT">
          <reporter-output>
          </reporter-output>
        </test-method> <!-- before -->
        <test-method status="PASS" signature="runScenario(io.cucumber.testng.PickleEventWrapper, io.cucumber.testng.CucumberFeatureWrapper)[pri:0, instance:com.unsplash.configuration.CukesTestRunnerParallel@2758fe70]" name="runScenario" duration-ms="16096" started-at="2022-05-25T14:13:41 ICT" description="Runs Cucumber Scenarios" data-provider="scenarios" finished-at="2022-05-25T14:13:57 ICT">
          <params>
            <param index="0">
              <value>
                <![CDATA["check the product search box"]]>
              </value>
            </param>
            <param index="1">
              <value>
                <![CDATA["Home Page"]]>
              </value>
            </param>
          </params>
          <reporter-output>
          </reporter-output>
        </test-method> <!-- runScenario -->
        <test-method status="PASS" signature="runScenario(io.cucumber.testng.PickleEventWrapper, io.cucumber.testng.CucumberFeatureWrapper)[pri:0, instance:com.unsplash.configuration.CukesTestRunnerParallel@2758fe70]" name="runScenario" duration-ms="12551" started-at="2022-05-25T14:13:57 ICT" description="Runs Cucumber Scenarios" data-provider="scenarios" finished-at="2022-05-25T14:14:10 ICT">
          <params>
            <param index="0">
              <value>
                <![CDATA["check the product search box"]]>
              </value>
            </param>
            <param index="1">
              <value>
                <![CDATA["Home Page"]]>
              </value>
            </param>
          </params>
          <reporter-output>
          </reporter-output>
        </test-method> <!-- runScenario -->
        <test-method status="PASS" signature="runScenario(io.cucumber.testng.PickleEventWrapper, io.cucumber.testng.CucumberFeatureWrapper)[pri:0, instance:com.unsplash.configuration.CukesTestRunnerParallel@2758fe70]" name="runScenario" duration-ms="12560" started-at="2022-05-25T14:14:10 ICT" description="Runs Cucumber Scenarios" data-provider="scenarios" finished-at="2022-05-25T14:14:22 ICT">
          <params>
            <param index="0">
              <value>
                <![CDATA["check the product search box"]]>
              </value>
            </param>
            <param index="1">
              <value>
                <![CDATA["Home Page"]]>
              </value>
            </param>
          </params>
          <reporter-output>
          </reporter-output>
        </test-method> <!-- runScenario -->
        <test-method status="PASS" signature="runScenario(io.cucumber.testng.PickleEventWrapper, io.cucumber.testng.CucumberFeatureWrapper)[pri:0, instance:com.unsplash.configuration.CukesTestRunnerParallel@2758fe70]" name="runScenario" duration-ms="12166" started-at="2022-05-25T14:14:22 ICT" description="Runs Cucumber Scenarios" data-provider="scenarios" finished-at="2022-05-25T14:14:35 ICT">
          <params>
            <param index="0">
              <value>
                <![CDATA["check the product search box"]]>
              </value>
            </param>
            <param index="1">
              <value>
                <![CDATA["Home Page"]]>
              </value>
            </param>
          </params>
          <reporter-output>
          </reporter-output>
        </test-method> <!-- runScenario -->
        <test-method status="PASS" signature="runScenario(io.cucumber.testng.PickleEventWrapper, io.cucumber.testng.CucumberFeatureWrapper)[pri:0, instance:com.unsplash.configuration.CukesTestRunnerParallel@2758fe70]" name="runScenario" duration-ms="12663" started-at="2022-05-25T14:14:35 ICT" description="Runs Cucumber Scenarios" data-provider="scenarios" finished-at="2022-05-25T14:14:47 ICT">
          <params>
            <param index="0">
              <value>
                <![CDATA["check the product search box"]]>
              </value>
            </param>
            <param index="1">
              <value>
                <![CDATA["Home Page"]]>
              </value>
            </param>
          </params>
          <reporter-output>
          </reporter-output>
        </test-method> <!-- runScenario -->
        <test-method status="PASS" signature="runScenario(io.cucumber.testng.PickleEventWrapper, io.cucumber.testng.CucumberFeatureWrapper)[pri:0, instance:com.unsplash.configuration.CukesTestRunnerParallel@2758fe70]" name="runScenario" duration-ms="15029" started-at="2022-05-25T14:14:47 ICT" description="Runs Cucumber Scenarios" data-provider="scenarios" finished-at="2022-05-25T14:15:02 ICT">
          <params>
            <param index="0">
              <value>
                <![CDATA["Check out the product catalog"]]>
              </value>
            </param>
            <param index="1">
              <value>
                <![CDATA["Home Page"]]>
              </value>
            </param>
          </params>
          <reporter-output>
          </reporter-output>
        </test-method> <!-- runScenario -->
        <test-method status="PASS" signature="runScenario(io.cucumber.testng.PickleEventWrapper, io.cucumber.testng.CucumberFeatureWrapper)[pri:0, instance:com.unsplash.configuration.CukesTestRunnerParallel@2758fe70]" name="runScenario" duration-ms="18340" started-at="2022-05-25T14:15:02 ICT" description="Runs Cucumber Scenarios" data-provider="scenarios" finished-at="2022-05-25T14:15:21 ICT">
          <params>
            <param index="0">
              <value>
                <![CDATA["Add item to cart"]]>
              </value>
            </param>
            <param index="1">
              <value>
                <![CDATA["Home Page"]]>
              </value>
            </param>
          </params>
          <reporter-output>
          </reporter-output>
        </test-method> <!-- runScenario -->
        <test-method status="FAIL" signature="runScenario(io.cucumber.testng.PickleEventWrapper, io.cucumber.testng.CucumberFeatureWrapper)[pri:0, instance:com.unsplash.configuration.CukesTestRunnerParallel@2758fe70]" name="runScenario" duration-ms="37416" started-at="2022-05-25T14:15:21 ICT" description="Runs Cucumber Scenarios" data-provider="scenarios" finished-at="2022-05-25T14:15:58 ICT">
          <params>
            <param index="0">
              <value>
                <![CDATA["profitable shopping"]]>
              </value>
            </param>
            <param index="1">
              <value>
                <![CDATA["Home Page"]]>
              </value>
            </param>
          </params>
          <exception class="org.openqa.selenium.TimeoutException">
            <message>
              <![CDATA[Expected condition failed: waiting for element to be clickable: By.cssSelector: //span[text()='Mua s?m có l?i'] (tried for 30 second(s) with 500 milliseconds interval)]]>
            </message>
            <full-stacktrace>
              <![CDATA[org.openqa.selenium.TimeoutException: Expected condition failed: waiting for element to be clickable: By.cssSelector: //span[text()='Mua s?m có l?i'] (tried for 30 second(s) with 500 milliseconds interval)
at org.openqa.selenium.support.ui.WebDriverWait.timeoutException(WebDriverWait.java:95)
at org.openqa.selenium.support.ui.FluentWait.until(FluentWait.java:272)
at com.unsplash.pages.BasePage.waitElementToBeClickable(BasePage.java:145)
at com.unsplash.pages.BasePage.clickElement(BasePage.java:53)
at com.unsplash.pages.BasePage.clickElement(BasePage.java:45)
at com.unsplash.pages.BasePage.clickElement(BasePage.java:41)
at com.unsplash.stepdefs.MainSteps.lambda$new$5(MainSteps.java:49)
at ✽.the user click on profitable shopping(file:src/test/resources/features/MainPage.feature:36)
Caused by: org.openqa.selenium.InvalidSelectorException: invalid selector: An invalid or illegal selector was specified
  (Session info: chrome=101.0.4951.67)
For documentation on this error, please visit: https://www.seleniumhq.org/exceptions/invalid_selector_exception.html
Build info: version: '3.141.59', revision: 'e82be7d358', time: '2018-11-14T08:17:03'
System info: host: 'DESKTOP-Q1LKHFA', ip: '192.168.137.1', os.name: 'Windows 10', os.arch: 'amd64', os.version: '10.0', java.version: '1.8.0_202'
Driver info: org.openqa.selenium.chrome.ChromeDriver
Capabilities {acceptInsecureCerts: false, browserName: chrome, browserVersion: 101.0.4951.67, chrome: {chromedriverVersion: 101.0.4951.41 (93c720db8323..., userDataDir: C:\Users\ASUS\AppData\Local...}, goog:chromeOptions: {debuggerAddress: localhost:62216}, javascriptEnabled: true, networkConnectionEnabled: false, pageLoadStrategy: normal, platform: WINDOWS, platformName: WINDOWS, proxy: Proxy(), setWindowRect: true, strictFileInteractability: false, timeouts: {implicit: 0, pageLoad: 300000, script: 30000}, unhandledPromptBehavior: dismiss and notify, webauthn:extension:credBlob: true, webauthn:extension:largeBlob: true, webauthn:virtualAuthenticators: true}
Session ID: d78cf084291f26ad6c0808d4ae3bf9b1
*** Element info: {Using=css selector, value=//span[text()='Mua s?m có l?i']}
at sun.reflect.GeneratedConstructorAccessor28.newInstance(Unknown Source)
at sun.reflect.DelegatingConstructorAccessorImpl.newInstance(DelegatingConstructorAccessorImpl.java:45)
at java.lang.reflect.Constructor.newInstance(Constructor.java:423)
at org.openqa.selenium.remote.http.W3CHttpResponseCodec.createException(W3CHttpResponseCodec.java:187)
at org.openqa.selenium.remote.http.W3CHttpResponseCodec.decode(W3CHttpResponseCodec.java:122)
at org.openqa.selenium.remote.http.W3CHttpResponseCodec.decode(W3CHttpResponseCodec.java:49)
at org.openqa.selenium.remote.HttpCommandExecutor.execute(HttpCommandExecutor.java:158)
at org.openqa.selenium.remote.service.DriverCommandExecutor.execute(DriverCommandExecutor.java:83)
at org.openqa.selenium.remote.RemoteWebDriver.execute(RemoteWebDriver.java:552)
at org.openqa.selenium.remote.RemoteWebDriver.findElement(RemoteWebDriver.java:323)
at org.openqa.selenium.remote.RemoteWebDriver.findElementByCssSelector(RemoteWebDriver.java:420)
at org.openqa.selenium.By$ByCssSelector.findElement(By.java:431)
at org.openqa.selenium.remote.RemoteWebDriver.findElement(RemoteWebDriver.java:315)
at org.openqa.selenium.support.ui.ExpectedConditions$7.apply(ExpectedConditions.java:205)
at org.openqa.selenium.support.ui.ExpectedConditions$7.apply(ExpectedConditions.java:201)
at org.openqa.selenium.support.ui.ExpectedConditions$22.apply(ExpectedConditions.java:641)
at org.openqa.selenium.support.ui.ExpectedConditions$22.apply(ExpectedConditions.java:638)
at org.openqa.selenium.support.ui.FluentWait.until(FluentWait.java:249)
at com.unsplash.pages.BasePage.waitElementToBeClickable(BasePage.java:145)
at com.unsplash.pages.BasePage.clickElement(BasePage.java:53)
at com.unsplash.pages.BasePage.clickElement(BasePage.java:45)
at com.unsplash.pages.BasePage.clickElement(BasePage.java:41)
at com.unsplash.stepdefs.MainSteps.lambda$new$5(MainSteps.java:49)
at sun.reflect.NativeMethodAccessorImpl.invoke0(Native Method)
at sun.reflect.NativeMethodAccessorImpl.invoke(NativeMethodAccessorImpl.java:62)
at sun.reflect.DelegatingMethodAccessorImpl.invoke(DelegatingMethodAccessorImpl.java:43)
at java.lang.reflect.Method.invoke(Method.java:498)
at cucumber.runtime.Utils$1.call(Utils.java:26)
at cucumber.runtime.Timeout.timeout(Timeout.java:16)
at cucumber.runtime.Utils.invoke(Utils.java:20)
at cucumber.runtime.java8.Java8StepDefinition.execute(Java8StepDefinition.java:113)
at cucumber.runner.PickleStepDefinitionMatch.runStep(PickleStepDefinitionMatch.java:50)
at cucumber.runner.TestStep.executeStep(TestStep.java:65)
at cucumber.runner.TestStep.run(TestStep.java:50)
at cucumber.runner.PickleStepTestStep.run(PickleStepTestStep.java:43)
at cucumber.runner.TestCase.run(TestCase.java:46)
at cucumber.runner.Runner.runPickle(Runner.java:50)
at io.cucumber.testng.TestNGCucumberRunner.runScenario(TestNGCucumberRunner.java:79)
at io.cucumber.testng.AbstractTestNGCucumberTests.runScenario(AbstractTestNGCucumberTests.java:24)
at sun.reflect.NativeMethodAccessorImpl.invoke0(Native Method)
at sun.reflect.NativeMethodAccessorImpl.invoke(NativeMethodAccessorImpl.java:62)
at sun.reflect.DelegatingMethodAccessorImpl.invoke(DelegatingMethodAccessorImpl.java:43)
at java.lang.reflect.Method.invoke(Method.java:498)
at org.testng.internal.MethodInvocationHelper.invokeMethod(MethodInvocationHelper.java:134)
at org.testng.internal.TestInvoker.invokeMethod(TestInvoker.java:597)
at org.testng.internal.TestInvoker.invokeTestMethod(TestInvoker.java:173)
at org.testng.internal.TestMethodWithDataProviderMethodWorker.call(TestMethodWithDataProviderMethodWorker.java:77)
at org.testng.internal.TestMethodWithDataProviderMethodWorker.call(TestMethodWithDataProviderMethodWorker.java:15)
at java.util.concurrent.FutureTask.run(FutureTask.java:266)
at java.util.concurrent.Executors$RunnableAdapter.call(Executors.java:511)
at java.util.concurrent.FutureTask.run(FutureTask.java:266)
at java.util.concurrent.ThreadPoolExecutor.runWorker(ThreadPoolExecutor.java:1149)
at java.util.concurrent.ThreadPoolExecutor$Worker.run(ThreadPoolExecutor.java:624)
at java.lang.Thread.run(Thread.java:748)
]]>
            </full-stacktrace>
          </exception> <!-- org.openqa.selenium.TimeoutException -->
          <reporter-output>
          </reporter-output>
        </test-method> <!-- runScenario -->
        <test-method status="PASS" signature="runScenario(io.cucumber.testng.PickleEventWrapper, io.cucumber.testng.CucumberFeatureWrapper)[pri:0, instance:com.unsplash.configuration.CukesTestRunnerParallel@2758fe70]" name="runScenario" duration-ms="17114" started-at="2022-05-25T14:15:58 ICT" description="Runs Cucumber Scenarios" data-provider="scenarios" finished-at="2022-05-25T14:16:15 ICT">
          <params>
            <param index="0">
              <value>
                <![CDATA["verify my account"]]>
              </value>
            </param>
            <param index="1">
              <value>
                <![CDATA["Home Page"]]>
              </value>
            </param>
          </params>
          <reporter-output>
          </reporter-output>
        </test-method> <!-- runScenario -->
        <test-method status="PASS" signature="runScenario(io.cucumber.testng.PickleEventWrapper, io.cucumber.testng.CucumberFeatureWrapper)[pri:0, instance:com.unsplash.configuration.CukesTestRunnerParallel@2758fe70]" name="runScenario" duration-ms="14625" started-at="2022-05-25T14:16:15 ICT" description="Runs Cucumber Scenarios" data-provider="scenarios" finished-at="2022-05-25T14:16:30 ICT">
          <params>
            <param index="0">
              <value>
                <![CDATA["verify my oder in account"]]>
              </value>
            </param>
            <param index="1">
              <value>
                <![CDATA["Home Page"]]>
              </value>
            </param>
          </params>
          <reporter-output>
          </reporter-output>
        </test-method> <!-- runScenario -->
        <test-method status="FAIL" signature="runScenario(io.cucumber.testng.PickleEventWrapper, io.cucumber.testng.CucumberFeatureWrapper)[pri:0, instance:com.unsplash.configuration.CukesTestRunnerParallel@2758fe70]" name="runScenario" duration-ms="22624" started-at="2022-05-25T14:16:30 ICT" description="Runs Cucumber Scenarios" data-provider="scenarios" finished-at="2022-05-25T14:16:52 ICT">
          <params>
            <param index="0">
              <value>
                <![CDATA["verify my notifications in my account"]]>
              </value>
            </param>
            <param index="1">
              <value>
                <![CDATA["Home Page"]]>
              </value>
            </param>
          </params>
          <exception class="java.lang.AssertionError">
            <message>
              <![CDATA[
Expecting:
 <false>
to be equal to:
 <true>
but was not.]]>
            </message>
            <full-stacktrace>
              <![CDATA[java.lang.AssertionError: 
Expecting:
 <false>
to be equal to:
 <true>
but was not.
at com.unsplash.stepdefs.CartSteps.lambda$new$1(CartSteps.java:39)
at ✽.the user should see Continue shopping button(file:src/test/resources/features/MainPage.feature:61)
]]>
            </full-stacktrace>
          </exception> <!-- java.lang.AssertionError -->
          <reporter-output>
          </reporter-output>
        </test-method> <!-- runScenario -->
        <test-method status="PASS" signature="runScenario(io.cucumber.testng.PickleEventWrapper, io.cucumber.testng.CucumberFeatureWrapper)[pri:0, instance:com.unsplash.configuration.CukesTestRunnerParallel@2758fe70]" name="runScenario" duration-ms="15850" started-at="2022-05-25T14:16:52 ICT" description="Runs Cucumber Scenarios" data-provider="scenarios" finished-at="2022-05-25T14:17:08 ICT">
          <params>
            <param index="0">
              <value>
                <![CDATA["My notification in my account"]]>
              </value>
            </param>
            <param index="1">
              <value>
                <![CDATA["Home Page"]]>
              </value>
            </param>
          </params>
          <reporter-output>
          </reporter-output>
        </test-method> <!-- runScenario -->
        <test-method status="PASS" signature="runScenario(io.cucumber.testng.PickleEventWrapper, io.cucumber.testng.CucumberFeatureWrapper)[pri:0, instance:com.unsplash.configuration.CukesTestRunnerParallel@2758fe70]" name="runScenario" duration-ms="15679" started-at="2022-05-25T14:17:08 ICT" description="Runs Cucumber Scenarios" data-provider="scenarios" finished-at="2022-05-25T14:17:24 ICT">
          <params>
            <param index="0">
              <value>
                <![CDATA["Easy exchange and return in my account"]]>
              </value>
            </param>
            <param index="1">
              <value>
                <![CDATA["Home Page"]]>
              </value>
            </param>
          </params>
          <reporter-output>
          </reporter-output>
        </test-method> <!-- runScenario -->
        <test-method status="PASS" signature="runScenario(io.cucumber.testng.PickleEventWrapper, io.cucumber.testng.CucumberFeatureWrapper)[pri:0, instance:com.unsplash.configuration.CukesTestRunnerParallel@2758fe70]" name="runScenario" duration-ms="17478" started-at="2022-05-25T14:17:24 ICT" description="Runs Cucumber Scenarios" data-provider="scenarios" finished-at="2022-05-25T14:17:41 ICT">
          <params>
            <param index="0">
              <value>
                <![CDATA["Comment product in my account"]]>
              </value>
            </param>
            <param index="1">
              <value>
                <![CDATA["Home Page"]]>
              </value>
            </param>
          </params>
          <reporter-output>
          </reporter-output>
        </test-method> <!-- runScenario -->
        <test-method status="PASS" signature="runScenario(io.cucumber.testng.PickleEventWrapper, io.cucumber.testng.CucumberFeatureWrapper)[pri:0, instance:com.unsplash.configuration.CukesTestRunnerParallel@2758fe70]" name="runScenario" duration-ms="18779" started-at="2022-05-25T14:17:41 ICT" description="Runs Cucumber Scenarios" data-provider="scenarios" finished-at="2022-05-25T14:18:00 ICT">
          <params>
            <param index="0">
              <value>
                <![CDATA["Return goods in my account"]]>
              </value>
            </param>
            <param index="1">
              <value>
                <![CDATA["Home Page"]]>
              </value>
            </param>
          </params>
          <reporter-output>
          </reporter-output>
        </test-method> <!-- runScenario -->
        <test-method status="PASS" signature="runScenario(io.cucumber.testng.PickleEventWrapper, io.cucumber.testng.CucumberFeatureWrapper)[pri:0, instance:com.unsplash.configuration.CukesTestRunnerParallel@2758fe70]" name="runScenario" duration-ms="19047" started-at="2022-05-25T14:18:00 ICT" description="Runs Cucumber Scenarios" data-provider="scenarios" finished-at="2022-05-25T14:18:19 ICT">
          <params>
            <param index="0">
              <value>
                <![CDATA["Logout account"]]>
              </value>
            </param>
            <param index="1">
              <value>
                <![CDATA["Home Page"]]>
              </value>
            </param>
          </params>
          <reporter-output>
          </reporter-output>
        </test-method> <!-- runScenario -->
        <test-method status="PASS" signature="after()[pri:0, instance:com.unsplash.configuration.CukesTestRunnerParallel@2758fe70]" name="after" is-config="true" duration-ms="0" started-at="2022-05-25T14:18:19 ICT" finished-at="2022-05-25T14:18:19 ICT">
          <reporter-output>
          </reporter-output>
        </test-method> <!-- after -->
        <test-method status="PASS" signature="tearDownClass()[pri:0, instance:com.unsplash.configuration.CukesTestRunnerParallel@2758fe70]" name="tearDownClass" is-config="true" duration-ms="1983" started-at="2022-05-25T14:18:19 ICT" finished-at="2022-05-25T14:18:21 ICT">
          <reporter-output>
          </reporter-output>
        </test-method> <!-- tearDownClass -->
      </class> <!-- com.unsplash.configuration.CukesTestRunnerParallel -->
    </test> <!-- Surefire test -->
  </suite> <!-- Surefire suite -->
</testng-results>
